[debug] [2022-06-20T19:00:59.072Z] ----------------------------------------------------------------------
[debug] [2022-06-20T19:00:59.074Z] Command:       C:\Program Files\nodejs\node.exe C:\Users\sayef\AppData\Roaming\npm\node_modules\firebase-tools\lib\bin\firebase.js init
[debug] [2022-06-20T19:00:59.074Z] CLI Version:   11.1.0
[debug] [2022-06-20T19:00:59.075Z] Platform:      win32
[debug] [2022-06-20T19:00:59.075Z] Node Version:  v16.15.1
[debug] [2022-06-20T19:00:59.075Z] Time:          Tue Jun 21 2022 01:00:59 GMT+0600 (Bangladesh Standard Time)
[debug] [2022-06-20T19:00:59.075Z] ----------------------------------------------------------------------
[debug] 
[debug] [2022-06-20T19:00:59.082Z] > command requires scopes: ["email","openid","https://www.googleapis.com/auth/cloudplatformprojects.readonly","https://www.googleapis.com/auth/firebase","https://www.googleapis.com/auth/cloud-platform"]
[debug] [2022-06-20T19:00:59.083Z] > authorizing via signed-in user (sayefshahria@iut-dhaka.edu)
[info] 
     ######## #### ########  ######## ########     ###     ######  ########
     ##        ##  ##     ## ##       ##     ##  ##   ##  ##       ##
     ######    ##  ########  ######   ########  #########  ######  ######
     ##        ##  ##    ##  ##       ##     ## ##     ##       ## ##
     ##       #### ##     ## ######## ########  ##     ##  ######  ########

You're about to initialize a Firebase project in this directory:

  C:\Users\sayef\Downloads\working2

[info] 
=== Project Setup
[info] 
[info] First, let's associate this project directory with a Firebase project.
[info] You can create multiple project aliases by running firebase use --add, 
[info] but for now we'll just set up a default project.
[info] 
[debug] [2022-06-20T19:01:44.760Z] >>> [apiv2][query] GET https://firebase.googleapis.com/v1beta1/projects pageSize=100
[debug] [2022-06-20T19:01:45.583Z] <<< [apiv2][status] GET https://firebase.googleapis.com/v1beta1/projects 200
[debug] [2022-06-20T19:01:45.583Z] <<< [apiv2][body] GET https://firebase.googleapis.com/v1beta1/projects [omitted]
[info] i  Using project expense-6845e (Expense-chart) 
[info] 
=== Hosting Setup
[info] 
[info] Your public directory is the folder (relative to your project directory) that
[info] will contain Hosting assets to be uploaded with firebase deploy. If you
[info] have a build process for your assets, use your build's output directory.
[info] 
[debug] [2022-06-20T19:02:19.166Z] Error: kill ENOSYS
    at process.kill (node:internal/process/per_thread:220:13)
    at process.listener (C:\Users\sayef\AppData\Roaming\npm\node_modules\firebase-tools\node_modules\signal-exit\index.js:95:15)
    at process.emit (node:events:527:28)
[error] 
[error] Error: An unexpected error has occurred.
